app/build/intermediates/manifest_merge_blame_file/debug/manifest-merger-blame-debug-report.txt
1<?xml version="1.0" encoding="utf-8"?>
2<manifest xmlns:android="http://schemas.android.com/apk/res/android"
3    package="edu.oakland.petfoodtracker"
4    android:versionCode="1"
5    android:versionName="1.0" >
6
7    <uses-sdk
8        android:minSdkVersion="27"
8-->src\main\AndroidManifest.xml
9        android:targetSdkVersion="29" />
9-->src\main\AndroidManifest.xml
10
11    <application
11-->src\main\AndroidManifest.xml:5:5-33:19
12        android:allowBackup="true"
12-->src\main\AndroidManifest.xml:6:9-35
13        android:appComponentFactory="androidx.core.app.CoreComponentFactory"
13-->[androidx.core:core:1.0.1] AndroidManifest.xml:22:18-86
14        android:debuggable="true"
15        android:icon="@mipmap/ic_launcher"
15-->src\main\AndroidManifest.xml:7:9-43
16        android:label="@string/app_name"
16-->src\main\AndroidManifest.xml:8:9-41
17        android:roundIcon="@mipmap/ic_launcher_round"
17-->src\main\AndroidManifest.xml:9:9-54
18        android:supportsRtl="true"
18-->src\main\AndroidManifest.xml:10:9-35
19        android:testOnly="true"
20        android:theme="@style/AppTheme" >
20-->src\main\AndroidManifest.xml:11:9-40
21        <activity
21-->src\main\AndroidManifest.xml:12:9-79
22            android:name="edu.oakland.petfoodtracker.LeaveHHActivity16"
22-->src\main\AndroidManifest.xml:12:19-52
23            android:noHistory="true" />
23-->src\main\AndroidManifest.xml:12:53-77
24        <activity
24-->src\main\AndroidManifest.xml:13:9-80
25            android:name="edu.oakland.petfoodtracker.DeleteHHActivity15"
25-->src\main\AndroidManifest.xml:13:19-53
26            android:noHistory="true" />
26-->src\main\AndroidManifest.xml:13:54-78
27        <activity
27-->src\main\AndroidManifest.xml:14:9-86
28            android:name="edu.oakland.petfoodtracker.ChangePasswordActivity14"
28-->src\main\AndroidManifest.xml:14:19-59
29            android:noHistory="true" />
29-->src\main\AndroidManifest.xml:14:60-84
30        <activity
30-->src\main\AndroidManifest.xml:15:9-85
31            android:name="edu.oakland.petfoodtracker.UpdatePetNameActivity13"
31-->src\main\AndroidManifest.xml:15:19-58
32            android:noHistory="true" />
32-->src\main\AndroidManifest.xml:15:59-83
33        <activity
33-->src\main\AndroidManifest.xml:16:9-80
34            android:name="edu.oakland.petfoodtracker.RemoveHHActivity12"
34-->src\main\AndroidManifest.xml:16:19-53
35            android:noHistory="true" />
35-->src\main\AndroidManifest.xml:16:54-78
36        <activity
36-->src\main\AndroidManifest.xml:17:9-83
37            android:name="edu.oakland.petfoodtracker.MakeManagerActivity11"
37-->src\main\AndroidManifest.xml:17:19-56
38            android:noHistory="true" />
38-->src\main\AndroidManifest.xml:17:57-81
39        <activity android:name="edu.oakland.petfoodtracker.ManageMembersActivity10" />
39-->src\main\AndroidManifest.xml:18:9-60
39-->src\main\AndroidManifest.xml:18:19-58
40        <activity android:name="edu.oakland.petfoodtracker.ManageHHActivity9" />
40-->src\main\AndroidManifest.xml:19:9-55
40-->src\main\AndroidManifest.xml:19:19-52
41        <activity android:name="edu.oakland.petfoodtracker.FedPetActivity7" />
41-->src\main\AndroidManifest.xml:20:9-53
41-->src\main\AndroidManifest.xml:20:19-50
42        <activity
42-->src\main\AndroidManifest.xml:21:9-86
43            android:name="edu.oakland.petfoodtracker.CreateHHSuccessActivity6"
43-->src\main\AndroidManifest.xml:21:19-59
44            android:noHistory="true" />
44-->src\main\AndroidManifest.xml:21:60-84
45        <activity
45-->src\main\AndroidManifest.xml:22:9-79
46            android:name="edu.oakland.petfoodtracker.CreateHHActivity5"
46-->src\main\AndroidManifest.xml:22:19-52
47            android:noHistory="true" />
47-->src\main\AndroidManifest.xml:22:53-77
48        <activity
48-->src\main\AndroidManifest.xml:23:9-81
49            android:name="edu.oakland.petfoodtracker.JoinHHFailActivity4"
49-->src\main\AndroidManifest.xml:23:19-54
50            android:noHistory="true" />
50-->src\main\AndroidManifest.xml:23:55-79
51        <activity
51-->src\main\AndroidManifest.xml:24:9-84
52            android:name="edu.oakland.petfoodtracker.JoinHHSuccessActivity3"
52-->src\main\AndroidManifest.xml:24:19-57
53            android:noHistory="true" />
53-->src\main\AndroidManifest.xml:24:58-82
54        <activity
54-->src\main\AndroidManifest.xml:25:9-77
55            android:name="edu.oakland.petfoodtracker.JoinHHActivity2"
55-->src\main\AndroidManifest.xml:25:19-50
56            android:noHistory="true" />
56-->src\main\AndroidManifest.xml:25:51-75
57        <activity android:name="edu.oakland.petfoodtracker.MainActivity" >
57-->src\main\AndroidManifest.xml:26:9-32:20
57-->src\main\AndroidManifest.xml:26:19-47
58            <intent-filter>
58-->src\main\AndroidManifest.xml:27:13-31:29
59                <action android:name="android.intent.action.MAIN" />
59-->src\main\AndroidManifest.xml:28:17-69
59-->src\main\AndroidManifest.xml:28:25-66
60
61                <category android:name="android.intent.category.LAUNCHER" />
61-->src\main\AndroidManifest.xml:30:17-77
61-->src\main\AndroidManifest.xml:30:27-74
62            </intent-filter>
63        </activity>
64    </application>
65
66</manifest>